<?xml version="1.0" encoding="UTF-8"?>
<!-- Generated by org.testng.reporters.JUnitXMLReporter -->
<testsuite ignored="2" hostname="DESKTOP-FMTRJKM" failures="0" tests="6" name="Test" time="173.531" errors="0" timestamp="2024-05-21T17:48:48 IST">
  <testcase classname="com.crm.orgtest.runmultipleorg_test" name="createorgtest" time="14.006"/>
  <testcase classname="com.crm.orgtest.runmultipleorg_test" name="createorgwithindus_test" time="17.485"/>
  <testcase classname="com.crm.orgtest.runmultipleorg_test" name="createorgwithphone_test" time="12.564"/>
  <testcase classname="com.crm.contacttest.runmultiple_contacttest" name="createcontact_test" time="16.002"/>
  <testcase classname="com.crm.contacttest.runmultiple_contacttest" name="createcontact_withdatetest" time="23.117"/>
  <testcase classname="com.crm.contacttest.runmultiple_contacttest" name="createcontactwithorg_test" time="35.707"/>
  <testcase classname="com.crm.genricBaseutility.Baseclass" name="@BeforeSuite confiBS" time="0.0">
    <ignored/>
  </testcase> <!-- @BeforeSuite confiBS -->
  <testcase classname="com.crm.genricBaseutility.Baseclass" name="@AfterSuite confiAS" time="0.0">
    <ignored/>
  </testcase> <!-- @AfterSuite confiAS -->
</testsuite> <!-- Test -->
