<?xml version="1.0" encoding="UTF-8"?>
<testng-results ignored="0" total="6" passed="6" failed="0" skipped="0">
  <reporter-output>
  </reporter-output>
  <suite started-at="2024-05-21T17:45:54 IST" name="Suite" finished-at="2024-05-21T17:48:48 IST" duration-ms="173531">
    <groups>
      <group name="regressiontest">
        <method signature="runmultiple_contacttest.createcontact_withdatetest()[pri:0, instance:com.crm.contacttest.runmultiple_contacttest@5bda8e08]" name="createcontact_withdatetest" class="com.crm.contacttest.runmultiple_contacttest"/>
        <method signature="runmultiple_contacttest.createcontactwithorg_test()[pri:0, instance:com.crm.contacttest.runmultiple_contacttest@5bda8e08]" name="createcontactwithorg_test" class="com.crm.contacttest.runmultiple_contacttest"/>
        <method signature="runmultipleorg_test.createorgwithindus_test()[pri:0, instance:com.crm.orgtest.runmultipleorg_test@31190526]" name="createorgwithindus_test" class="com.crm.orgtest.runmultipleorg_test"/>
        <method signature="runmultipleorg_test.createorgwithphone_test()[pri:0, instance:com.crm.orgtest.runmultipleorg_test@31190526]" name="createorgwithphone_test" class="com.crm.orgtest.runmultipleorg_test"/>
      </group> <!-- regressiontest -->
      <group name="smoketest">
        <method signature="runmultiple_contacttest.createcontact_test()[pri:0, instance:com.crm.contacttest.runmultiple_contacttest@5bda8e08]" name="createcontact_test" class="com.crm.contacttest.runmultiple_contacttest"/>
        <method signature="runmultipleorg_test.createorgtest()[pri:0, instance:com.crm.orgtest.runmultipleorg_test@31190526]" name="createorgtest" class="com.crm.orgtest.runmultipleorg_test"/>
      </group> <!-- smoketest -->
    </groups>
    <test started-at="2024-05-21T17:45:54 IST" name="Test" finished-at="2024-05-21T17:48:48 IST" duration-ms="173531">
      <class name="com.crm.orgtest.runmultipleorg_test">
        <test-method is-config="true" signature="confiBS()[pri:0, instance:com.crm.orgtest.runmultipleorg_test@31190526]" started-at="2024-05-21T17:45:54 IST" name="confiBS" finished-at="2024-05-21T17:45:54 IST" duration-ms="464" status="PASS">
          <reporter-output>
          </reporter-output>
        </test-method> <!-- confiBS -->
        <test-method is-config="true" signature="configBC()[pri:0, instance:com.crm.orgtest.runmultipleorg_test@31190526]" started-at="2024-05-21T17:45:54 IST" name="configBC" finished-at="2024-05-21T17:45:58 IST" duration-ms="3917" status="PASS">
          <reporter-output>
          </reporter-output>
        </test-method> <!-- configBC -->
        <test-method is-config="true" signature="configBM()[pri:0, instance:com.crm.orgtest.runmultipleorg_test@31190526]" started-at="2024-05-21T17:45:58 IST" name="configBM" finished-at="2024-05-21T17:46:03 IST" duration-ms="4463" status="PASS">
          <reporter-output>
          </reporter-output>
        </test-method> <!-- configBM -->
        <test-method signature="createorgtest()[pri:0, instance:com.crm.orgtest.runmultipleorg_test@31190526]" started-at="2024-05-21T17:46:03 IST" name="createorgtest" finished-at="2024-05-21T17:46:17 IST" duration-ms="14006" status="PASS">
          <reporter-output>
          </reporter-output>
        </test-method> <!-- createorgtest -->
        <test-method is-config="true" signature="configAM()[pri:0, instance:com.crm.orgtest.runmultipleorg_test@31190526]" started-at="2024-05-21T17:46:17 IST" name="configAM" finished-at="2024-05-21T17:46:18 IST" duration-ms="1641" status="PASS">
          <reporter-output>
          </reporter-output>
        </test-method> <!-- configAM -->
        <test-method is-config="true" signature="configBM()[pri:0, instance:com.crm.orgtest.runmultipleorg_test@31190526]" started-at="2024-05-21T17:46:18 IST" name="configBM" finished-at="2024-05-21T17:46:23 IST" duration-ms="4687" status="PASS">
          <reporter-output>
          </reporter-output>
        </test-method> <!-- configBM -->
        <test-method signature="createorgwithindus_test()[pri:0, instance:com.crm.orgtest.runmultipleorg_test@31190526]" started-at="2024-05-21T17:46:23 IST" name="createorgwithindus_test" finished-at="2024-05-21T17:46:41 IST" duration-ms="17485" status="PASS">
          <reporter-output>
          </reporter-output>
        </test-method> <!-- createorgwithindus_test -->
        <test-method is-config="true" signature="configAM()[pri:0, instance:com.crm.orgtest.runmultipleorg_test@31190526]" started-at="2024-05-21T17:46:41 IST" name="configAM" finished-at="2024-05-21T17:46:43 IST" duration-ms="2149" status="PASS">
          <reporter-output>
          </reporter-output>
        </test-method> <!-- configAM -->
        <test-method is-config="true" signature="configBM()[pri:0, instance:com.crm.orgtest.runmultipleorg_test@31190526]" started-at="2024-05-21T17:46:43 IST" name="configBM" finished-at="2024-05-21T17:46:46 IST" duration-ms="3744" status="PASS">
          <reporter-output>
          </reporter-output>
        </test-method> <!-- configBM -->
        <test-method signature="createorgwithphone_test()[pri:0, instance:com.crm.orgtest.runmultipleorg_test@31190526]" started-at="2024-05-21T17:46:47 IST" name="createorgwithphone_test" finished-at="2024-05-21T17:46:59 IST" duration-ms="12564" status="PASS">
          <reporter-output>
          </reporter-output>
        </test-method> <!-- createorgwithphone_test -->
        <test-method is-config="true" signature="configAM()[pri:0, instance:com.crm.orgtest.runmultipleorg_test@31190526]" started-at="2024-05-21T17:46:59 IST" name="configAM" finished-at="2024-05-21T17:47:01 IST" duration-ms="1734" status="PASS">
          <reporter-output>
          </reporter-output>
        </test-method> <!-- configAM -->
        <test-method is-config="true" signature="configAC()[pri:0, instance:com.crm.orgtest.runmultipleorg_test@31190526]" started-at="2024-05-21T17:47:01 IST" name="configAC" finished-at="2024-05-21T17:47:01 IST" duration-ms="276" status="PASS">
          <reporter-output>
          </reporter-output>
        </test-method> <!-- configAC -->
        <test-method is-config="true" signature="confiAS()[pri:0, instance:com.crm.orgtest.runmultipleorg_test@31190526]" started-at="2024-05-21T17:48:48 IST" name="confiAS" finished-at="2024-05-21T17:48:48 IST" duration-ms="15" status="PASS">
          <reporter-output>
          </reporter-output>
        </test-method> <!-- confiAS -->
      </class> <!-- com.crm.orgtest.runmultipleorg_test -->
      <class name="com.crm.contacttest.runmultiple_contacttest">
        <test-method is-config="true" signature="configBC()[pri:0, instance:com.crm.contacttest.runmultiple_contacttest@5bda8e08]" started-at="2024-05-21T17:47:01 IST" name="configBC" finished-at="2024-05-21T17:47:03 IST" duration-ms="2037" status="PASS">
          <reporter-output>
          </reporter-output>
        </test-method> <!-- configBC -->
        <test-method is-config="true" signature="configBM()[pri:0, instance:com.crm.contacttest.runmultiple_contacttest@5bda8e08]" started-at="2024-05-21T17:47:03 IST" name="configBM" finished-at="2024-05-21T17:47:08 IST" duration-ms="4595" status="PASS">
          <reporter-output>
          </reporter-output>
        </test-method> <!-- configBM -->
        <test-method signature="createcontact_test()[pri:0, instance:com.crm.contacttest.runmultiple_contacttest@5bda8e08]" started-at="2024-05-21T17:47:08 IST" name="createcontact_test" finished-at="2024-05-21T17:47:24 IST" duration-ms="16002" status="PASS">
          <reporter-output>
          </reporter-output>
        </test-method> <!-- createcontact_test -->
        <test-method is-config="true" signature="configAM()[pri:0, instance:com.crm.contacttest.runmultiple_contacttest@5bda8e08]" started-at="2024-05-21T17:47:24 IST" name="configAM" finished-at="2024-05-21T17:47:30 IST" duration-ms="6643" status="PASS">
          <reporter-output>
          </reporter-output>
        </test-method> <!-- configAM -->
        <test-method is-config="true" signature="configBM()[pri:0, instance:com.crm.contacttest.runmultiple_contacttest@5bda8e08]" started-at="2024-05-21T17:47:30 IST" name="configBM" finished-at="2024-05-21T17:47:35 IST" duration-ms="4254" status="PASS">
          <reporter-output>
          </reporter-output>
        </test-method> <!-- configBM -->
        <test-method signature="createcontact_withdatetest()[pri:0, instance:com.crm.contacttest.runmultiple_contacttest@5bda8e08]" started-at="2024-05-21T17:47:35 IST" name="createcontact_withdatetest" finished-at="2024-05-21T17:47:58 IST" duration-ms="23117" status="PASS">
          <reporter-output>
          </reporter-output>
        </test-method> <!-- createcontact_withdatetest -->
        <test-method is-config="true" signature="configAM()[pri:0, instance:com.crm.contacttest.runmultiple_contacttest@5bda8e08]" started-at="2024-05-21T17:47:58 IST" name="configAM" finished-at="2024-05-21T17:48:05 IST" duration-ms="7086" status="PASS">
          <reporter-output>
          </reporter-output>
        </test-method> <!-- configAM -->
        <test-method is-config="true" signature="configBM()[pri:0, instance:com.crm.contacttest.runmultiple_contacttest@5bda8e08]" started-at="2024-05-21T17:48:05 IST" name="configBM" finished-at="2024-05-21T17:48:09 IST" duration-ms="4169" status="PASS">
          <reporter-output>
          </reporter-output>
        </test-method> <!-- configBM -->
        <test-method signature="createcontactwithorg_test()[pri:0, instance:com.crm.contacttest.runmultiple_contacttest@5bda8e08]" started-at="2024-05-21T17:48:09 IST" name="createcontactwithorg_test" finished-at="2024-05-21T17:48:45 IST" duration-ms="35707" status="PASS">
          <reporter-output>
          </reporter-output>
        </test-method> <!-- createcontactwithorg_test -->
        <test-method is-config="true" signature="configAM()[pri:0, instance:com.crm.contacttest.runmultiple_contacttest@5bda8e08]" started-at="2024-05-21T17:48:45 IST" name="configAM" finished-at="2024-05-21T17:48:47 IST" duration-ms="2770" status="PASS">
          <reporter-output>
          </reporter-output>
        </test-method> <!-- configAM -->
        <test-method is-config="true" signature="configAC()[pri:0, instance:com.crm.contacttest.runmultiple_contacttest@5bda8e08]" started-at="2024-05-21T17:48:47 IST" name="configAC" finished-at="2024-05-21T17:48:48 IST" duration-ms="357" status="PASS">
          <reporter-output>
          </reporter-output>
        </test-method> <!-- configAC -->
      </class> <!-- com.crm.contacttest.runmultiple_contacttest -->
    </test> <!-- Test -->
  </suite> <!-- Suite -->
</testng-results>
