<?xml version="1.0" encoding="UTF-8"?>
<testng-results ignored="0" total="3" passed="3" failed="0" skipped="0">
  <reporter-output>
  </reporter-output>
  <suite started-at="2024-05-20T17:26:36 IST" name="Default suite" finished-at="2024-05-20T17:27:42 IST" duration-ms="66827">
    <groups>
      <group name="regressiontest">
        <method signature="runmultipleorg_test.createorgwithindus_test()[pri:0, instance:com.crm.orgtest.runmultipleorg_test@682b2fa]" name="createorgwithindus_test" class="com.crm.orgtest.runmultipleorg_test"/>
        <method signature="runmultipleorg_test.createorgwithphone_test()[pri:0, instance:com.crm.orgtest.runmultipleorg_test@682b2fa]" name="createorgwithphone_test" class="com.crm.orgtest.runmultipleorg_test"/>
      </group> <!-- regressiontest -->
      <group name="smoketest">
        <method signature="runmultipleorg_test.createorgtest()[pri:0, instance:com.crm.orgtest.runmultipleorg_test@682b2fa]" name="createorgtest" class="com.crm.orgtest.runmultipleorg_test"/>
      </group> <!-- smoketest -->
    </groups>
    <test started-at="2024-05-20T17:26:36 IST" name="Default test" finished-at="2024-05-20T17:27:42 IST" duration-ms="66827">
      <class name="com.crm.orgtest.runmultipleorg_test">
        <test-method is-config="true" signature="confiBS()[pri:0, instance:com.crm.orgtest.runmultipleorg_test@682b2fa]" started-at="2024-05-20T17:26:35 IST" name="confiBS" finished-at="2024-05-20T17:26:36 IST" duration-ms="541" status="PASS">
          <reporter-output>
          </reporter-output>
        </test-method> <!-- confiBS -->
        <test-method is-config="true" signature="configBC()[pri:0, instance:com.crm.orgtest.runmultipleorg_test@682b2fa]" started-at="2024-05-20T17:26:36 IST" name="configBC" finished-at="2024-05-20T17:26:40 IST" duration-ms="4493" status="PASS">
          <reporter-output>
          </reporter-output>
        </test-method> <!-- configBC -->
        <test-method is-config="true" signature="configBM()[pri:0, instance:com.crm.orgtest.runmultipleorg_test@682b2fa]" started-at="2024-05-20T17:26:40 IST" name="configBM" finished-at="2024-05-20T17:26:46 IST" duration-ms="6336" status="PASS">
          <reporter-output>
          </reporter-output>
        </test-method> <!-- configBM -->
        <test-method signature="createorgtest()[pri:0, instance:com.crm.orgtest.runmultipleorg_test@682b2fa]" started-at="2024-05-20T17:26:46 IST" name="createorgtest" finished-at="2024-05-20T17:27:03 IST" duration-ms="16260" status="PASS">
          <reporter-output>
          </reporter-output>
        </test-method> <!-- createorgtest -->
        <test-method is-config="true" signature="configAM()[pri:0, instance:com.crm.orgtest.runmultipleorg_test@682b2fa]" started-at="2024-05-20T17:27:03 IST" name="configAM" finished-at="2024-05-20T17:27:05 IST" duration-ms="1873" status="PASS">
          <reporter-output>
          </reporter-output>
        </test-method> <!-- configAM -->
        <test-method is-config="true" signature="configBM()[pri:0, instance:com.crm.orgtest.runmultipleorg_test@682b2fa]" started-at="2024-05-20T17:27:05 IST" name="configBM" finished-at="2024-05-20T17:27:08 IST" duration-ms="3678" status="PASS">
          <reporter-output>
          </reporter-output>
        </test-method> <!-- configBM -->
        <test-method signature="createorgwithindus_test()[pri:0, instance:com.crm.orgtest.runmultipleorg_test@682b2fa]" started-at="2024-05-20T17:27:08 IST" name="createorgwithindus_test" finished-at="2024-05-20T17:27:22 IST" duration-ms="14121" status="PASS">
          <reporter-output>
          </reporter-output>
        </test-method> <!-- createorgwithindus_test -->
        <test-method is-config="true" signature="configAM()[pri:0, instance:com.crm.orgtest.runmultipleorg_test@682b2fa]" started-at="2024-05-20T17:27:22 IST" name="configAM" finished-at="2024-05-20T17:27:24 IST" duration-ms="1839" status="PASS">
          <reporter-output>
          </reporter-output>
        </test-method> <!-- configAM -->
        <test-method is-config="true" signature="configBM()[pri:0, instance:com.crm.orgtest.runmultipleorg_test@682b2fa]" started-at="2024-05-20T17:27:24 IST" name="configBM" finished-at="2024-05-20T17:27:28 IST" duration-ms="3604" status="PASS">
          <reporter-output>
          </reporter-output>
        </test-method> <!-- configBM -->
        <test-method signature="createorgwithphone_test()[pri:0, instance:com.crm.orgtest.runmultipleorg_test@682b2fa]" started-at="2024-05-20T17:27:28 IST" name="createorgwithphone_test" finished-at="2024-05-20T17:27:40 IST" duration-ms="12517" status="PASS">
          <reporter-output>
          </reporter-output>
        </test-method> <!-- createorgwithphone_test -->
        <test-method is-config="true" signature="configAM()[pri:0, instance:com.crm.orgtest.runmultipleorg_test@682b2fa]" started-at="2024-05-20T17:27:40 IST" name="configAM" finished-at="2024-05-20T17:27:42 IST" duration-ms="1644" status="PASS">
          <reporter-output>
          </reporter-output>
        </test-method> <!-- configAM -->
        <test-method is-config="true" signature="configAC()[pri:0, instance:com.crm.orgtest.runmultipleorg_test@682b2fa]" started-at="2024-05-20T17:27:42 IST" name="configAC" finished-at="2024-05-20T17:27:42 IST" duration-ms="357" status="PASS">
          <reporter-output>
          </reporter-output>
        </test-method> <!-- configAC -->
        <test-method is-config="true" signature="confiAS()[pri:0, instance:com.crm.orgtest.runmultipleorg_test@682b2fa]" started-at="2024-05-20T17:27:42 IST" name="confiAS" finished-at="2024-05-20T17:27:42 IST" duration-ms="9" status="PASS">
          <reporter-output>
          </reporter-output>
        </test-method> <!-- confiAS -->
      </class> <!-- com.crm.orgtest.runmultipleorg_test -->
    </test> <!-- Default test -->
  </suite> <!-- Default suite -->
</testng-results>
