<?xml version="1.0" encoding="UTF-8"?>
<!-- Generated by org.testng.reporters.JUnitXMLReporter -->
<testsuite ignored="2" hostname="DESKTOP-FMTRJKM" failures="0" tests="1" name="Default test" time="29.677" errors="0" timestamp="2024-05-21T17:45:37 IST">
  <testcase classname="com.crm.orgtest.runmultipleorg_test" name="createorgtest" time="13.221"/>
  <testcase classname="com.crm.orgtest.runmultipleorg_test" name="createorgwithindus_test" time="0.0">
    <ignored/>
  </testcase> <!-- createorgwithindus_test -->
  <testcase classname="com.crm.orgtest.runmultipleorg_test" name="createorgwithphone_test" time="0.0">
    <ignored/>
  </testcase> <!-- createorgwithphone_test -->
</testsuite> <!-- Default test -->
