<?xml version="1.0" encoding="UTF-8"?>
<!-- Generated by org.testng.reporters.JUnitXMLReporter -->
<testsuite ignored="0" hostname="DESKTOP-FMTRJKM" failures="0" tests="3" name="Default test" time="66.827" errors="0" timestamp="2024-05-20T17:27:42 IST">
  <testcase classname="com.crm.orgtest.runmultipleorg_test" name="createorgtest" time="16.26"/>
  <testcase classname="com.crm.orgtest.runmultipleorg_test" name="createorgwithindus_test" time="14.121"/>
  <testcase classname="com.crm.orgtest.runmultipleorg_test" name="createorgwithphone_test" time="12.517"/>
</testsuite> <!-- Default test -->
